TPS_1-1.2/TPS_1-1.0/app/build/outputs/logs/manifest-merger-debug-report.txt
-- Merging decision tree log ---
manifest
ADDED from src/main/AndroidManifest.xml:2:1-59:12
	package
		ADDED from src/main/AndroidManifest.xml:3:5-34
		INJECTED from src/main/AndroidManifest.xml
		INJECTED from src/main/AndroidManifest.xml
	android:versionName
		INJECTED from src/main/AndroidManifest.xml
		INJECTED from src/main/AndroidManifest.xml
	xmlns:android
		ADDED from src/main/AndroidManifest.xml:2:11-69
	android:versionCode
		INJECTED from src/main/AndroidManifest.xml
		INJECTED from src/main/AndroidManifest.xml
supports-screens
ADDED from src/main/AndroidManifest.xml:5:5-10:11
	android:largeScreens
		ADDED from src/main/AndroidManifest.xml:8:9-37
	android:smallScreens
		ADDED from src/main/AndroidManifest.xml:6:9-36
	android:normalScreens
		ADDED from src/main/AndroidManifest.xml:7:9-37
	android:anyDensity
		ADDED from src/main/AndroidManifest.xml:9:9-34
application
ADDED from src/main/AndroidManifest.xml:12:5-52:19
MERGED from [com.android.support:appcompat-v7:23.1.0] AndroidManifest.xml:22:5-20
MERGED from [com.android.support:support-v4:23.1.0] AndroidManifest.xml:22:5-20
	android:label
		ADDED from src/main/AndroidManifest.xml:15:9-41
	android:supportsRtl
		ADDED from src/main/AndroidManifest.xml:16:9-35
	android:allowBackup
		ADDED from src/main/AndroidManifest.xml:13:9-35
	android:icon
		ADDED from src/main/AndroidManifest.xml:14:9-43
activity#unb.application.tps.PlanoPrincipal
ADDED from src/main/AndroidManifest.xml:19:9-27:20
	android:theme
		ADDED from src/main/AndroidManifest.xml:20:13-44
	android:name
		ADDED from src/main/AndroidManifest.xml:19:19-49
intent-filter#android.intent.action.MAIN+android.intent.category.LAUNCHER
ADDED from src/main/AndroidManifest.xml:22:13-26:29
action#android.intent.action.MAIN
ADDED from src/main/AndroidManifest.xml:23:17-69
	android:name
		ADDED from src/main/AndroidManifest.xml:23:25-66
category#android.intent.category.LAUNCHER
ADDED from src/main/AndroidManifest.xml:25:17-77
	android:name
		ADDED from src/main/AndroidManifest.xml:25:27-74
activity#unb.application.tps.PlanoAluno
ADDED from src/main/AndroidManifest.xml:31:9-39:20
	android:theme
		ADDED from src/main/AndroidManifest.xml:32:13-69
	android:name
		ADDED from src/main/AndroidManifest.xml:31:19-45
intent-filter#android.intent.category.DEFAULT+pareados_filter
ADDED from src/main/AndroidManifest.xml:34:13-38:29
action#pareados_filter
ADDED from src/main/AndroidManifest.xml:35:17-58
	android:name
		ADDED from src/main/AndroidManifest.xml:35:25-55
category#android.intent.category.DEFAULT
ADDED from src/main/AndroidManifest.xml:37:17-76
	android:name
		ADDED from src/main/AndroidManifest.xml:37:27-73
activity#unb.application.tps.PlanoPerfil
ADDED from src/main/AndroidManifest.xml:41:9-49:20
	android:theme
		ADDED from src/main/AndroidManifest.xml:42:13-69
	android:name
		ADDED from src/main/AndroidManifest.xml:41:19-46
intent-filter#android.intent.category.DEFAULT+perfil_page
ADDED from src/main/AndroidManifest.xml:44:13-48:29
action#perfil_page
ADDED from src/main/AndroidManifest.xml:45:17-54
	android:name
		ADDED from src/main/AndroidManifest.xml:45:25-51
uses-permission#android.permission.BLUETOOTH_ADMIN
ADDED from src/main/AndroidManifest.xml:54:5-75
	android:name
		ADDED from src/main/AndroidManifest.xml:54:22-73
uses-permission#android.permission.BLUETOOTH
ADDED from src/main/AndroidManifest.xml:55:5-69
	android:name
		ADDED from src/main/AndroidManifest.xml:55:22-67
uses-permission#android.permission.WRITE_EXTERNAL_STORAGE
ADDED from src/main/AndroidManifest.xml:56:5-80
	android:name
		ADDED from src/main/AndroidManifest.xml:56:22-78
uses-sdk
INJECTED from src/main/AndroidManifest.xml reason: use-sdk injection requested
MERGED from [com.android.support:appcompat-v7:23.1.0] AndroidManifest.xml:20:5-43
MERGED from [com.android.support:support-v4:23.1.0] AndroidManifest.xml:20:5-43
	android:targetSdkVersion
		INJECTED from src/main/AndroidManifest.xml
		INJECTED from src/main/AndroidManifest.xml
	android:minSdkVersion
		INJECTED from src/main/AndroidManifest.xml
		INJECTED from src/main/AndroidManifest.xml